1656435232131:add 1 5
1656435235560:clear
1656435241746:exit
1656956101337:1 2
1656956104939:add 1 2
1656956107005:cls
1656956108925:clear
1656956113785:help
1656956117187:clear
1656956479939:exit
1657058996397:add 1 2
1657059016362:help
1657059024453:get-bjs
1657059160765:exit
1657059290734:help
1657059296645:get-bjs
1657059313897:clear
1657059315652:get-bjs
1657059327786:clear
1657061664060:get-bjs
1657061787305:clear
1657061796817:get-bjs
1657061808998:exit
1657061842594:get-bjs
1657061845110:exit
1657064526082:help
1657064530237:get-bjs
1657064541051:cls
1657064542685:clear
1657064544145:exit
1657064830688:get-bjs
1657064834127:clear
1657123830955:get-bjs
1657123835462:cls
1657123837030:clear
1657124873701:get-bjs
1657124952625:exit
1657125028981:get-bjs
1657127572645:get-bjs "0056"
1657127582015:get-bjs "0172"
1657127591229:clear
1657131898415:help
1657131937420:get-bjs "0056"
1657209646103:help
1657209665845:get-bjs "0056"
1657209667970:clear
1657209683187:exit
1657209973454:help
1657209986322:clear
1657212089771:get-bjs
1657212103173:get-bjs "0056"
1657306438012:get-bjs
1657306445196:get-bjs '0056'
1657306448021:clear
1657318710698:get-bjs "0056"
1657318715495:get-table
1657318726024:clear
1657318774094:getTable
1657318779734:get-table
1657318791218:get-bjs "0056"
1657320785618:clear
1657320982295:get-bjs
1657321541542:get-bjs "0056"
1657562435815:exit
1657562733129:get-bjs "0056"
1657562919075:clear
1657563040493:get-bjs "0056"
1657563043462:table
1657563214056:get-bjs "0056"
1657564757063:clear
1657564760318:table
1657564780976:json
1657564956370:clear
1657564959013:table
1657564961996:json
1657564966466:get-bjs
1657565324555:clear
1657565327153:get-bjs
1657566921486:clear
1657566922811:get-bjs
1657567096186:clear
1657567098651:get-bjs
1657567337819:clear
1657567339271:get-bjs
1657567498984:clear
1657567505308:get-bjs
1657567720300:clear
1657567721971:get-bjs
1657567743767:clear
1657567782990:get-bjs
1657567802286:clear
1657568052522:get-bjs
1657568573164:clear
1657568574531:get-bjs
1657574937573:clear
1657574941533:get-bjs
1657575997318:table
1657577495361:get-bjs
1657578088171:table
1657578982389:get-bjs
1657579149355:table
1657579366008:get-bjs
1657580004097:clear
1657580007304:get-bjs
1657645451663:clear
1657645454620:get-bjs
1657645989804:clear
1657645991077:get-bjs
1657668305540:clear
1657668307873:exit
1657819006704:get-bjs
1657819668258:clear
1657819678445:get-bjs '0056'
1657819814205:clear
1657819815458:get-bjs '0056'
1657835060476:clear
1657835065482:help
1657835075482:get-sol
1657835259095:clear
1657835260794:get-sol
1657905494815:clear
1657905496059:get-sol
1657907538813:clear
1657907578793:get-sol
1657907631608:clear
1657907632706:get-sol
1657907702061:clear
1657907703129:get-sol
1657907861430:clear
1657907862799:get-sol
1657907877827:clear
1657907879294:get-sol
1657907910592:clear
1657907911667:get-sol
1657908062284:clear
1657908063287:get-sol
1657908085021:clear
1657908087246:get-sol
1657908132141:clear
1657908132976:get-sol
1657908195736:clear
1657908197166:get-sol
1657908258849:clear
1657908259858:get-sol
1657908417244:clear
1657908418491:get-sol
1657908512509:clear
1657908513774:get-sol
1657908611905:clear
1657908613109:get-sol
1657908856727:clear
1657908857927:get-sol
1657909171997:clear
1657909173122:get-sol
1657910028695:clear
1657910030175:get-sol
1657910040539:stacktrace
1657910091714:get-bjs "0056"
1657910102510:clear
1657910151489:get-sol
1657910215241:clear
1657910216418:get-sol
1657910245954:clear
1657910247087:get-sol
1657910704468:clear
1657910705671:get-sol
1657911175187:clear
1657911177170:get-sol
1657911549269:clear
1657911551153:get-sol
1657911652929:clear
1657911654361:get-sol
1657912094827:clear
1657912095930:get-sol
1657912216777:clear
1657912218351:get-sol
1657912333001:clear
1657912334024:get-sol
1657912476591:clear
1657912486841:get-sol
1657923665386:[5
1657923667825:get-sol
1657923669641:clear
1657923673327:get-sol
1657923677190:clear
1657926663728:get-sol
1657926671668:help
1657926677693:check-sol-general-status
1657926733615:clear
1657926734704:check-sol-general-status
1657927936281:clear
1657927937530:check-sol-general-status
1657927955970:get-bjs "0056"
1657927964008:git s
1657927965632:clear
1657927967485:exit
1657928117959:clear
1657928132515:check-sol-general-status
1658159593956:help
1658159610554:check-sol-general-status
1658159614482:clear
1658160399137:check-sol-general-status
1658161080733:clear
1658161081808:check-sol-general-status
1658179391049:clear
1658179392229:check-sol-general-status
1658179449630:clear
1658179450886:check-sol-general-status
1658179527293:clear
1658179528789:check-sol-general-status
1658182641727:clear
1658182643350:check-sol-general-status
1658182690433:clear
1658182691550:check-sol-general-status
1658182709214:clear
1658182789822:check-sol-general-status
1658184365158:clear
1658184370532:help
1658184413534:chsolflgcomb "PFN"
1658184419284:clear
1658184427956:chsolgenstat
1658184627862:clear
1658184630332:exit
